<?xml version="1.0" encoding="UTF-8"?>
<testng-results total="1" passed="1" failed="0" skipped="0">
  <reporter-output>
  </reporter-output>
  <suite started-at="2019-02-12T15:33:03Z" name="Suite" finished-at="2019-02-12T15:33:04Z" duration-ms="907">
    <groups>
    </groups>
    <test started-at="2019-02-12T15:33:03Z" name="Test" finished-at="2019-02-12T15:33:04Z" duration-ms="907">
      <class name="com.automation.AppTest">
        <test-method is-config="true" signature="beforeSuite()[pri:0, instance:com.automation.AppTest@58ea606c]" started-at="2019-02-12T21:03:02Z" name="beforeSuite" finished-at="2019-02-12T21:03:03Z" duration-ms="1479" status="PASS">
          <reporter-output>
          </reporter-output>
        </test-method> <!-- beforeSuite -->
        <test-method signature="testApp()[pri:0, instance:com.automation.AppTest@58ea606c]" started-at="2019-02-12T21:03:03Z" name="testApp" finished-at="2019-02-12T21:03:04Z" duration-ms="896" status="PASS">
          <reporter-output>
          </reporter-output>
        </test-method> <!-- testApp -->
        <test-method is-config="true" signature="aftereSuite()[pri:0, instance:com.automation.AppTest@58ea606c]" started-at="2019-02-12T21:03:04Z" name="aftereSuite" finished-at="2019-02-12T21:03:04Z" duration-ms="114" status="PASS">
          <reporter-output>
          </reporter-output>
        </test-method> <!-- aftereSuite -->
      </class> <!-- com.automation.AppTest -->
    </test> <!-- Test -->
  </suite> <!-- Suite -->
</testng-results>
